<?xml version="1.0" encoding="UTF-8"?>
<testsuite xmlns:xsi="http://www.w3.org/2001/XMLSchema-instance" xsi:noNamespaceSchemaLocation="https://maven.apache.org/surefire/maven-surefire-plugin/xsd/surefire-test-report-3.0.xsd" version="3.0" name="com.nongsan.selenium.test.ProductTest" time="59.02" tests="12" errors="0" skipped="0" failures="0">
  <properties>
[...]
</properties>
  <testcase name="tc_SP19_addValidProduct" classname="com.nongsan.selenium.test.ProductTest" time="5.002">
    <system-out><![CDATA[Dang nhap admin thanh cong.
Rollback product 'Cải thảo 5001': 1 row(s) deleted.
]]></system-out>
    <system-err><![CDATA[May 08, 2026 11:41:54 AM org.openqa.selenium.devtools.CdpVersionFinder findNearestMatch
WARNING: Unable to find CDP implementation matching 147
May 08, 2026 11:41:54 AM org.openqa.selenium.chromium.ChromiumDriver lambda$new$5
WARNING: Unable to find version of CDP to use for 147.0.7727.138. You may need to include a dependency on a specific version of the CDP using something similar to `org.seleniumhq.selenium:selenium-devtools-v86:4.20.0` where the version ("v86") matches the version of the chromium-based browser you're using and the version number of the artifact is the same as Selenium's.
]]></system-err>
  </testcase>
  <testcase name="tc_SP20_emptyName" classname="com.nongsan.selenium.test.ProductTest" time="4.163"/>
  <testcase name="tc_SP21_costPriceNegative" classname="com.nongsan.selenium.test.ProductTest" time="4.134"/>
  <testcase name="tc_SP22_priceLessThan1000" classname="com.nongsan.selenium.test.ProductTest" time="4.016"/>
  <testcase name="tc_SP23_floatPrice" classname="com.nongsan.selenium.test.ProductTest" time="5.008"/>
  <testcase name="tc_SP24_costGreaterThanPrice" classname="com.nongsan.selenium.test.ProductTest" time="4.183"/>
  <testcase name="tc_SP25_specialCharsInName" classname="com.nongsan.selenium.test.ProductTest" time="3.834"/>
  <testcase name="tc_SP26_noImageUpload" classname="com.nongsan.selenium.test.ProductTest" time="5.683"/>
  <testcase name="tc_SP27_expiryBeforeEntered" classname="com.nongsan.selenium.test.ProductTest" time="4.605"/>
  <testcase name="tc_SP28_missingOrigin" classname="com.nongsan.selenium.test.ProductTest" time="4.842"/>
  <testcase name="tc_SP29_missingDescription" classname="com.nongsan.selenium.test.ProductTest" time="4.167"/>
  <testcase name="tc_SP30_wrongImageFormat" classname="com.nongsan.selenium.test.ProductTest" time="6.872">
    <system-out><![CDATA[Rollback product 'Test SP_30': 1 row(s) deleted.
]]></system-out>
  </testcase>
</testsuite>